[ 2014-08-19T13:02:29+08:00 ] ERR: (ThinkException) 模板不存在[./Home/Lib/Widget/Paging/./Home/Tpl/Widget/paging.html]
[ 2014-08-19T13:02:29+08:00 ] ERR: (ThinkException) 非法操作:__public__
[ 2014-08-19T13:02:29+08:00 ] ERR: (ThinkException) 非法操作:__public__
[ 2014-08-19T13:02:29+08:00 ] ERR: (ThinkException) 非法操作:__public__
[ 2014-08-19T13:02:29+08:00 ] ERR: (ThinkException) 非法操作:__public__
[ 2014-08-19T13:03:23+08:00 ] ERR: (ThinkException) 模板不存在[./Home/Lib/Widget/Paging/./Home/Tpl/Widget/paging.html]
[ 2014-08-19T13:03:23+08:00 ] ERR: (ThinkException) 非法操作:__public__
[ 2014-08-19T13:03:23+08:00 ] ERR: (ThinkException) 非法操作:__public__
[ 2014-08-19T13:03:23+08:00 ] ERR: (ThinkException) 非法操作:__public__
[ 2014-08-19T13:03:23+08:00 ] ERR: (ThinkException) 非法操作:__public__
[ 2014-08-19T13:03:24+08:00 ] ERR: (ThinkException) 模板不存在[./Home/Lib/Widget/Paging/./Home/Tpl/Widget/paging.html]
[ 2014-08-19T13:03:24+08:00 ] ERR: (ThinkException) 非法操作:__public__
[ 2014-08-19T13:03:24+08:00 ] ERR: (ThinkException) 非法操作:__public__
[ 2014-08-19T13:03:24+08:00 ] ERR: (ThinkException) 非法操作:__public__
[ 2014-08-19T13:03:24+08:00 ] ERR: (ThinkException) 非法操作:__public__
[ 2014-08-19T13:03:25+08:00 ] ERR: (ThinkException) 模板不存在[./Home/Lib/Widget/Paging/./Home/Tpl/Widget/paging.html]
[ 2014-08-19T13:03:25+08:00 ] ERR: (ThinkException) 非法操作:__public__
[ 2014-08-19T13:03:25+08:00 ] ERR: (ThinkException) 非法操作:__public__
[ 2014-08-19T13:03:25+08:00 ] ERR: (ThinkException) 非法操作:__public__
[ 2014-08-19T13:03:25+08:00 ] ERR: (ThinkException) 非法操作:__public__
[ 2014-08-19T13:03:25+08:00 ] ERR: (ThinkException) 模板不存在[./Home/Lib/Widget/Paging/./Home/Tpl/Widget/paging.html]
[ 2014-08-19T13:03:25+08:00 ] ERR: (ThinkException) 模板不存在[./Home/Lib/Widget/Paging/./Home/Tpl/Widget/paging.html]
[ 2014-08-19T13:03:25+08:00 ] ERR: (ThinkException) 模板不存在[./Home/Lib/Widget/Paging/./Home/Tpl/Widget/paging.html]
[ 2014-08-19T13:03:25+08:00 ] ERR: (ThinkException) 模板不存在[./Home/Lib/Widget/Paging/./Home/Tpl/Widget/paging.html]
[ 2014-08-19T13:03:25+08:00 ] ERR: (ThinkException) 模板不存在[./Home/Lib/Widget/Paging/./Home/Tpl/Widget/paging.html]
[ 2014-08-19T13:03:25+08:00 ] ERR: (ThinkException) 模板不存在[./Home/Lib/Widget/Paging/./Home/Tpl/Widget/paging.html]
[ 2014-08-19T13:03:25+08:00 ] ERR: (ThinkException) 模板不存在[./Home/Lib/Widget/Paging/./Home/Tpl/Widget/paging.html]
[ 2014-08-19T13:03:25+08:00 ] ERR: (ThinkException) 模板不存在[./Home/Lib/Widget/Paging/./Home/Tpl/Widget/paging.html]
[ 2014-08-19T13:03:25+08:00 ] ERR: (ThinkException) 模板不存在[./Home/Lib/Widget/Paging/./Home/Tpl/Widget/paging.html]
[ 2014-08-19T13:03:25+08:00 ] ERR: (ThinkException) 模板不存在[./Home/Lib/Widget/Paging/./Home/Tpl/Widget/paging.html]
[ 2014-08-19T13:03:25+08:00 ] ERR: (ThinkException) 模板不存在[./Home/Lib/Widget/Paging/./Home/Tpl/Widget/paging.html]
[ 2014-08-19T13:03:25+08:00 ] ERR: (ThinkException) 非法操作:__public__
[ 2014-08-19T13:03:25+08:00 ] ERR: (ThinkException) 非法操作:__public__
[ 2014-08-19T13:03:25+08:00 ] ERR: (ThinkException) 非法操作:__public__
[ 2014-08-19T13:03:25+08:00 ] ERR: (ThinkException) 非法操作:__public__
[ 2014-08-19T13:05:12+08:00 ] ERR: (ThinkException) 模板不存在[./Home/Lib/Widget/Paging/./Home/Tpl/Widget/paging.html.html]
[ 2014-08-19T13:05:12+08:00 ] ERR: (ThinkException) 非法操作:__public__
[ 2014-08-19T13:05:12+08:00 ] ERR: (ThinkException) 非法操作:__public__
[ 2014-08-19T13:05:12+08:00 ] ERR: (ThinkException) 非法操作:__public__
[ 2014-08-19T13:05:12+08:00 ] ERR: (ThinkException) 非法操作:__public__
[ 2014-08-19T13:05:13+08:00 ] ERR: (ThinkException) 模板不存在[./Home/Lib/Widget/Paging/./Home/Tpl/Widget/paging.html.html]
[ 2014-08-19T13:05:13+08:00 ] ERR: (ThinkException) 非法操作:__public__
[ 2014-08-19T13:05:13+08:00 ] ERR: (ThinkException) 非法操作:__public__
[ 2014-08-19T13:05:13+08:00 ] ERR: (ThinkException) 非法操作:__public__
[ 2014-08-19T13:05:13+08:00 ] ERR: (ThinkException) 非法操作:__public__
[ 2014-08-19T13:05:14+08:00 ] ERR: (ThinkException) 模板不存在[./Home/Lib/Widget/Paging/./Home/Tpl/Widget/paging.html.html]
[ 2014-08-19T13:05:14+08:00 ] ERR: (ThinkException) 非法操作:__public__
[ 2014-08-19T13:05:14+08:00 ] ERR: (ThinkException) 非法操作:__public__
[ 2014-08-19T13:05:14+08:00 ] ERR: (ThinkException) 非法操作:__public__
[ 2014-08-19T13:05:14+08:00 ] ERR: (ThinkException) 非法操作:__public__
[ 2014-08-19T13:05:14+08:00 ] ERR: (ThinkException) 模板不存在[./Home/Lib/Widget/Paging/./Home/Tpl/Widget/paging.html.html]
[ 2014-08-19T13:05:14+08:00 ] ERR: (ThinkException) 非法操作:__public__
[ 2014-08-19T13:05:14+08:00 ] ERR: (ThinkException) 非法操作:__public__
[ 2014-08-19T13:05:14+08:00 ] ERR: (ThinkException) 非法操作:__public__
[ 2014-08-19T13:05:14+08:00 ] ERR: (ThinkException) 非法操作:__public__
[ 2014-08-19T13:05:19+08:00 ] ERR: (ThinkException) 模板不存在[./Home/Lib/Widget/Paging/./Home/Tpl/Widget/paging.html]
[ 2014-08-19T13:05:19+08:00 ] ERR: (ThinkException) 非法操作:__public__
[ 2014-08-19T13:05:19+08:00 ] ERR: (ThinkException) 非法操作:__public__
[ 2014-08-19T13:05:19+08:00 ] ERR: (ThinkException) 非法操作:__public__
[ 2014-08-19T13:05:19+08:00 ] ERR: (ThinkException) 非法操作:__public__
[ 2014-08-19T13:12:35+08:00 ] ERR: (ThinkException) 非法操作:__public__
[ 2014-08-19T13:12:35+08:00 ] ERR: (ThinkException) 非法操作:__public__
[ 2014-08-19T13:12:35+08:00 ] ERR: (ThinkException) 非法操作:__public__
[ 2014-08-19T13:12:35+08:00 ] ERR: (ThinkException) 非法操作:__public__
[ 2014-08-19T13:12:49+08:00 ] ERR: (ThinkException) 非法操作:__public__
[ 2014-08-19T13:12:49+08:00 ] ERR: (ThinkException) 非法操作:__public__
[ 2014-08-19T13:12:49+08:00 ] ERR: (ThinkException) 非法操作:__public__
[ 2014-08-19T13:12:49+08:00 ] ERR: (ThinkException) 非法操作:__public__
[ 2014-08-19T13:13:06+08:00 ] ERR: (ThinkException) 非法操作:__public__
[ 2014-08-19T13:13:06+08:00 ] ERR: (ThinkException) 非法操作:__public__
[ 2014-08-19T13:13:06+08:00 ] ERR: (ThinkException) 非法操作:__public__
[ 2014-08-19T13:13:06+08:00 ] ERR: (ThinkException) 非法操作:__public__
[ 2014-08-19T13:13:07+08:00 ] ERR: (ThinkException) 非法操作:__public__
[ 2014-08-19T13:13:07+08:00 ] ERR: (ThinkException) 非法操作:__public__
[ 2014-08-19T13:13:07+08:00 ] ERR: (ThinkException) 非法操作:__public__
[ 2014-08-19T13:13:07+08:00 ] ERR: (ThinkException) 非法操作:__public__
[ 2014-08-19T13:13:07+08:00 ] ERR: (ThinkException) 非法操作:__public__
[ 2014-08-19T13:13:07+08:00 ] ERR: (ThinkException) 非法操作:__public__
[ 2014-08-19T13:13:07+08:00 ] ERR: (ThinkException) 非法操作:__public__
[ 2014-08-19T13:13:07+08:00 ] ERR: (ThinkException) 非法操作:__public__
[ 2014-08-19T13:14:53+08:00 ] ERR: (ThinkException) 非法操作:__public__
[ 2014-08-19T13:14:53+08:00 ] ERR: (ThinkException) 非法操作:__public__
[ 2014-08-19T13:14:53+08:00 ] ERR: (ThinkException) 非法操作:__public__
[ 2014-08-19T13:14:53+08:00 ] ERR: (ThinkException) 非法操作:__public__
[ 2014-08-19T13:14:54+08:00 ] ERR: (ThinkException) 非法操作:__public__
[ 2014-08-19T13:14:54+08:00 ] ERR: (ThinkException) 非法操作:__public__
[ 2014-08-19T13:14:54+08:00 ] ERR: (ThinkException) 非法操作:__public__
[ 2014-08-19T13:14:54+08:00 ] ERR: (ThinkException) 非法操作:__public__
[ 2014-08-19T13:14:55+08:00 ] ERR: (ThinkException) 非法操作:__public__
[ 2014-08-19T13:14:55+08:00 ] ERR: (ThinkException) 非法操作:__public__
[ 2014-08-19T13:14:55+08:00 ] ERR: (ThinkException) 非法操作:__public__
[ 2014-08-19T13:14:55+08:00 ] ERR: (ThinkException) 非法操作:__public__
[ 2014-08-19T13:15:01+08:00 ] ERR: (ThinkException) 非法操作:__public__
[ 2014-08-19T13:15:01+08:00 ] ERR: (ThinkException) 非法操作:__public__
[ 2014-08-19T13:15:01+08:00 ] ERR: (ThinkException) 非法操作:__public__
[ 2014-08-19T13:15:01+08:00 ] ERR: (ThinkException) 非法操作:__public__
[ 2014-08-19T13:15:22+08:00 ] ERR: (ThinkException) 非法操作:__public__
[ 2014-08-19T13:15:22+08:00 ] ERR: (ThinkException) 非法操作:__public__
[ 2014-08-19T13:15:22+08:00 ] ERR: (ThinkException) 非法操作:__public__
[ 2014-08-19T13:15:22+08:00 ] ERR: (ThinkException) 非法操作:__public__
[ 2014-08-19T13:15:27+08:00 ] ERR: (ThinkException) 非法操作:__public__
[ 2014-08-19T13:15:27+08:00 ] ERR: (ThinkException) 非法操作:__public__
[ 2014-08-19T13:15:27+08:00 ] ERR: (ThinkException) 非法操作:__public__
[ 2014-08-19T13:15:27+08:00 ] ERR: (ThinkException) 非法操作:__public__
[ 2014-08-19T13:16:54+08:00 ] ERR: (ThinkException) 非法操作:__public__
[ 2014-08-19T13:16:54+08:00 ] ERR: (ThinkException) 非法操作:__public__
[ 2014-08-19T13:16:54+08:00 ] ERR: (ThinkException) 非法操作:__public__
[ 2014-08-19T13:16:54+08:00 ] ERR: (ThinkException) 非法操作:__public__
[ 2014-08-19T13:16:59+08:00 ] ERR: (ThinkException) 非法操作:__public__
[ 2014-08-19T13:16:59+08:00 ] ERR: (ThinkException) 非法操作:__public__
[ 2014-08-19T13:16:59+08:00 ] ERR: (ThinkException) 非法操作:__public__
[ 2014-08-19T13:16:59+08:00 ] ERR: (ThinkException) 非法操作:__public__
[ 2014-08-19T13:17:34+08:00 ] ERR: (ThinkException) XML标签语法错误 : start="1" end={$pageNum}
[ 2014-08-19T13:17:34+08:00 ] ERR: (ThinkException) 非法操作:__public__
[ 2014-08-19T13:17:34+08:00 ] ERR: (ThinkException) 非法操作:__public__
[ 2014-08-19T13:17:34+08:00 ] ERR: (ThinkException) 非法操作:__public__
[ 2014-08-19T13:17:34+08:00 ] ERR: (ThinkException) 非法操作:__public__
[ 2014-08-19T13:18:08+08:00 ] ERR: (ThinkException) 非法操作:__public__
[ 2014-08-19T13:18:08+08:00 ] ERR: (ThinkException) 非法操作:__public__
[ 2014-08-19T13:18:08+08:00 ] ERR: (ThinkException) 非法操作:__public__
[ 2014-08-19T13:18:08+08:00 ] ERR: (ThinkException) 非法操作:__public__
[ 2014-08-19T13:18:09+08:00 ] ERR: (ThinkException) 非法操作:__public__
[ 2014-08-19T13:18:09+08:00 ] ERR: (ThinkException) 非法操作:__public__
[ 2014-08-19T13:18:09+08:00 ] ERR: (ThinkException) 非法操作:__public__
[ 2014-08-19T13:18:09+08:00 ] ERR: (ThinkException) 非法操作:__public__
[ 2014-08-19T13:19:58+08:00 ] ERR: (ThinkException) 非法操作:__public__
[ 2014-08-19T13:19:58+08:00 ] ERR: (ThinkException) 非法操作:__public__
[ 2014-08-19T13:19:58+08:00 ] ERR: (ThinkException) 非法操作:__public__
[ 2014-08-19T13:19:58+08:00 ] ERR: (ThinkException) 非法操作:__public__
[ 2014-08-19T13:19:59+08:00 ] ERR: (ThinkException) 非法操作:__public__
[ 2014-08-19T13:19:59+08:00 ] ERR: (ThinkException) 非法操作:__public__
[ 2014-08-19T13:19:59+08:00 ] ERR: (ThinkException) 非法操作:__public__
[ 2014-08-19T13:19:59+08:00 ] ERR: (ThinkException) 非法操作:__public__
[ 2014-08-19T13:25:46+08:00 ] ERR: (ThinkException) XML标签语法错误 : start="1" end="<{$pageNum}
[ 2014-08-19T13:25:46+08:00 ] ERR: (ThinkException) 非法操作:__public__
[ 2014-08-19T13:25:46+08:00 ] ERR: (ThinkException) 非法操作:__public__
[ 2014-08-19T13:25:46+08:00 ] ERR: (ThinkException) 非法操作:__public__
[ 2014-08-19T13:25:46+08:00 ] ERR: (ThinkException) 非法操作:__public__
[ 2014-08-19T13:26:02+08:00 ] ERR: (ThinkException) XML标签语法错误 : start="1" end="<{$pageNum}
[ 2014-08-19T13:26:02+08:00 ] ERR: (ThinkException) 非法操作:__public__
[ 2014-08-19T13:26:02+08:00 ] ERR: (ThinkException) 非法操作:__public__
[ 2014-08-19T13:26:02+08:00 ] ERR: (ThinkException) 非法操作:__public__
[ 2014-08-19T13:26:02+08:00 ] ERR: (ThinkException) 非法操作:__public__
[ 2014-08-19T13:26:02+08:00 ] ERR: (ThinkException) XML标签语法错误 : start="1" end="<{$pageNum}
[ 2014-08-19T13:26:02+08:00 ] ERR: (ThinkException) 非法操作:__public__
[ 2014-08-19T13:26:02+08:00 ] ERR: (ThinkException) 非法操作:__public__
[ 2014-08-19T13:26:02+08:00 ] ERR: (ThinkException) 非法操作:__public__
[ 2014-08-19T13:26:02+08:00 ] ERR: (ThinkException) 非法操作:__public__
[ 2014-08-19T13:26:03+08:00 ] ERR: (ThinkException) XML标签语法错误 : start="1" end="<{$pageNum}
[ 2014-08-19T13:26:03+08:00 ] ERR: (ThinkException) XML标签语法错误 : start="1" end="<{$pageNum}
[ 2014-08-19T13:26:03+08:00 ] ERR: (ThinkException) XML标签语法错误 : start="1" end="<{$pageNum}
[ 2014-08-19T13:26:03+08:00 ] ERR: (ThinkException) XML标签语法错误 : start="1" end="<{$pageNum}
[ 2014-08-19T13:26:03+08:00 ] ERR: (ThinkException) XML标签语法错误 : start="1" end="<{$pageNum}
[ 2014-08-19T13:26:03+08:00 ] ERR: (ThinkException) XML标签语法错误 : start="1" end="<{$pageNum}
[ 2014-08-19T13:26:03+08:00 ] ERR: (ThinkException) XML标签语法错误 : start="1" end="<{$pageNum}
[ 2014-08-19T13:26:03+08:00 ] ERR: (ThinkException) XML标签语法错误 : start="1" end="<{$pageNum}
[ 2014-08-19T13:26:03+08:00 ] ERR: (ThinkException) XML标签语法错误 : start="1" end="<{$pageNum}
[ 2014-08-19T13:26:03+08:00 ] ERR: (ThinkException) 非法操作:__public__
[ 2014-08-19T13:26:03+08:00 ] ERR: (ThinkException) 非法操作:__public__
[ 2014-08-19T13:26:03+08:00 ] ERR: (ThinkException) 非法操作:__public__
[ 2014-08-19T13:26:03+08:00 ] ERR: (ThinkException) 非法操作:__public__
[ 2014-08-19T13:27:05+08:00 ] ERR: (ThinkException) XML标签语法错误 : start="1" end="<{$pageNum}
[ 2014-08-19T13:27:05+08:00 ] ERR: (ThinkException) 非法操作:__public__
[ 2014-08-19T13:27:05+08:00 ] ERR: (ThinkException) 非法操作:__public__
[ 2014-08-19T13:27:05+08:00 ] ERR: (ThinkException) 非法操作:__public__
[ 2014-08-19T13:27:05+08:00 ] ERR: (ThinkException) 非法操作:__public__
[ 2014-08-19T13:27:06+08:00 ] ERR: (ThinkException) XML标签语法错误 : start="1" end="<{$pageNum}
[ 2014-08-19T13:27:06+08:00 ] ERR: (ThinkException) 非法操作:__public__
[ 2014-08-19T13:27:06+08:00 ] ERR: (ThinkException) 非法操作:__public__
[ 2014-08-19T13:27:06+08:00 ] ERR: (ThinkException) 非法操作:__public__
[ 2014-08-19T13:27:06+08:00 ] ERR: (ThinkException) 非法操作:__public__
[ 2014-08-19T13:27:19+08:00 ] ERR: (ThinkException) XML标签语法错误 : start="1" end="<{$pageNum}
[ 2014-08-19T13:27:19+08:00 ] ERR: (ThinkException) 非法操作:__public__
[ 2014-08-19T13:27:19+08:00 ] ERR: (ThinkException) 非法操作:__public__
[ 2014-08-19T13:27:19+08:00 ] ERR: (ThinkException) 非法操作:__public__
[ 2014-08-19T13:27:19+08:00 ] ERR: (ThinkException) 非法操作:__public__
[ 2014-08-19T13:27:20+08:00 ] ERR: (ThinkException) XML标签语法错误 : start="1" end="<{$pageNum}
[ 2014-08-19T13:27:20+08:00 ] ERR: (ThinkException) 非法操作:__public__
[ 2014-08-19T13:27:20+08:00 ] ERR: (ThinkException) 非法操作:__public__
[ 2014-08-19T13:27:20+08:00 ] ERR: (ThinkException) 非法操作:__public__
[ 2014-08-19T13:27:20+08:00 ] ERR: (ThinkException) 非法操作:__public__
[ 2014-08-19T13:27:20+08:00 ] ERR: (ThinkException) XML标签语法错误 : start="1" end="<{$pageNum}
[ 2014-08-19T13:27:20+08:00 ] ERR: (ThinkException) XML标签语法错误 : start="1" end="<{$pageNum}
[ 2014-08-19T13:27:20+08:00 ] ERR: (ThinkException) XML标签语法错误 : start="1" end="<{$pageNum}
[ 2014-08-19T13:27:20+08:00 ] ERR: (ThinkException) XML标签语法错误 : start="1" end="<{$pageNum}
[ 2014-08-19T13:27:20+08:00 ] ERR: (ThinkException) XML标签语法错误 : start="1" end="<{$pageNum}
[ 2014-08-19T13:27:20+08:00 ] ERR: (ThinkException) XML标签语法错误 : start="1" end="<{$pageNum}
[ 2014-08-19T13:27:21+08:00 ] ERR: (ThinkException) XML标签语法错误 : start="1" end="<{$pageNum}
[ 2014-08-19T13:27:21+08:00 ] ERR: (ThinkException) XML标签语法错误 : start="1" end="<{$pageNum}
[ 2014-08-19T13:27:21+08:00 ] ERR: (ThinkException) XML标签语法错误 : start="1" end="<{$pageNum}
[ 2014-08-19T13:27:21+08:00 ] ERR: (ThinkException) XML标签语法错误 : start="1" end="<{$pageNum}
[ 2014-08-19T13:27:21+08:00 ] ERR: (ThinkException) XML标签语法错误 : start="1" end="<{$pageNum}
[ 2014-08-19T13:27:21+08:00 ] ERR: (ThinkException) 非法操作:__public__
[ 2014-08-19T13:27:21+08:00 ] ERR: (ThinkException) 非法操作:__public__
[ 2014-08-19T13:27:21+08:00 ] ERR: (ThinkException) 非法操作:__public__
[ 2014-08-19T13:27:21+08:00 ] ERR: (ThinkException) 非法操作:__public__
[ 2014-08-19T13:27:49+08:00 ] ERR: (ThinkException) XML标签语法错误 : start="1" end="<{$pageNum}
[ 2014-08-19T13:27:49+08:00 ] ERR: (ThinkException) 非法操作:__public__
[ 2014-08-19T13:27:49+08:00 ] ERR: (ThinkException) 非法操作:__public__
[ 2014-08-19T13:27:49+08:00 ] ERR: (ThinkException) 非法操作:__public__
[ 2014-08-19T13:27:49+08:00 ] ERR: (ThinkException) 非法操作:__public__
[ 2014-08-19T13:27:50+08:00 ] ERR: (ThinkException) XML标签语法错误 : start="1" end="<{$pageNum}
[ 2014-08-19T13:27:50+08:00 ] ERR: (ThinkException) 非法操作:__public__
[ 2014-08-19T13:27:50+08:00 ] ERR: (ThinkException) 非法操作:__public__
[ 2014-08-19T13:27:50+08:00 ] ERR: (ThinkException) 非法操作:__public__
[ 2014-08-19T13:27:50+08:00 ] ERR: (ThinkException) 非法操作:__public__
[ 2014-08-19T13:27:50+08:00 ] ERR: (ThinkException) XML标签语法错误 : start="1" end="<{$pageNum}
[ 2014-08-19T13:27:50+08:00 ] ERR: (ThinkException) XML标签语法错误 : start="1" end="<{$pageNum}
[ 2014-08-19T13:27:50+08:00 ] ERR: (ThinkException) 非法操作:__public__
[ 2014-08-19T13:27:50+08:00 ] ERR: (ThinkException) 非法操作:__public__
[ 2014-08-19T13:27:50+08:00 ] ERR: (ThinkException) 非法操作:__public__
[ 2014-08-19T13:27:50+08:00 ] ERR: (ThinkException) 非法操作:__public__
[ 2014-08-19T13:28:15+08:00 ] ERR: (ThinkException) XML标签语法错误 : start="1" end="<{$pageNum}
[ 2014-08-19T13:28:15+08:00 ] ERR: (ThinkException) 非法操作:__public__
[ 2014-08-19T13:28:15+08:00 ] ERR: (ThinkException) 非法操作:__public__
[ 2014-08-19T13:28:15+08:00 ] ERR: (ThinkException) 非法操作:__public__
[ 2014-08-19T13:28:15+08:00 ] ERR: (ThinkException) 非法操作:__public__
[ 2014-08-19T13:28:15+08:00 ] ERR: (ThinkException) XML标签语法错误 : start="1" end="<{$pageNum}
[ 2014-08-19T13:28:15+08:00 ] ERR: (ThinkException) 非法操作:__public__
[ 2014-08-19T13:28:15+08:00 ] ERR: (ThinkException) 非法操作:__public__
[ 2014-08-19T13:28:15+08:00 ] ERR: (ThinkException) 非法操作:__public__
[ 2014-08-19T13:28:15+08:00 ] ERR: (ThinkException) 非法操作:__public__
[ 2014-08-19T13:28:16+08:00 ] ERR: (ThinkException) XML标签语法错误 : start="1" end="<{$pageNum}
[ 2014-08-19T13:28:16+08:00 ] ERR: (ThinkException) XML标签语法错误 : start="1" end="<{$pageNum}
[ 2014-08-19T13:28:16+08:00 ] ERR: (ThinkException) XML标签语法错误 : start="1" end="<{$pageNum}
[ 2014-08-19T13:28:16+08:00 ] ERR: (ThinkException) XML标签语法错误 : start="1" end="<{$pageNum}
[ 2014-08-19T13:28:16+08:00 ] ERR: (ThinkException) XML标签语法错误 : start="1" end="<{$pageNum}
[ 2014-08-19T13:28:16+08:00 ] ERR: (ThinkException) XML标签语法错误 : start="1" end="<{$pageNum}
[ 2014-08-19T13:28:16+08:00 ] ERR: (ThinkException) XML标签语法错误 : start="1" end="<{$pageNum}
[ 2014-08-19T13:28:16+08:00 ] ERR: (ThinkException) XML标签语法错误 : start="1" end="<{$pageNum}
[ 2014-08-19T13:28:16+08:00 ] ERR: (ThinkException) XML标签语法错误 : start="1" end="<{$pageNum}
[ 2014-08-19T13:28:16+08:00 ] ERR: (ThinkException) XML标签语法错误 : start="1" end="<{$pageNum}
[ 2014-08-19T13:28:16+08:00 ] ERR: (ThinkException) XML标签语法错误 : start="1" end="<{$pageNum}
[ 2014-08-19T13:28:16+08:00 ] ERR: (ThinkException) XML标签语法错误 : start="1" end="<{$pageNum}
[ 2014-08-19T13:28:16+08:00 ] ERR: (ThinkException) 非法操作:__public__
[ 2014-08-19T13:28:16+08:00 ] ERR: (ThinkException) 非法操作:__public__
[ 2014-08-19T13:28:16+08:00 ] ERR: (ThinkException) 非法操作:__public__
[ 2014-08-19T13:28:16+08:00 ] ERR: (ThinkException) 非法操作:__public__
[ 2014-08-19T13:28:26+08:00 ] ERR: (ThinkException) XML标签语法错误 : start="1" end="<{$pageNum}
[ 2014-08-19T13:28:26+08:00 ] ERR: (ThinkException) 非法操作:__public__
[ 2014-08-19T13:28:26+08:00 ] ERR: (ThinkException) 非法操作:__public__
[ 2014-08-19T13:28:26+08:00 ] ERR: (ThinkException) 非法操作:__public__
[ 2014-08-19T13:28:26+08:00 ] ERR: (ThinkException) 非法操作:__public__
[ 2014-08-19T13:28:26+08:00 ] ERR: (ThinkException) XML标签语法错误 : start="1" end="<{$pageNum}
[ 2014-08-19T13:28:26+08:00 ] ERR: (ThinkException) 非法操作:__public__
[ 2014-08-19T13:28:26+08:00 ] ERR: (ThinkException) 非法操作:__public__
[ 2014-08-19T13:28:26+08:00 ] ERR: (ThinkException) 非法操作:__public__
[ 2014-08-19T13:28:26+08:00 ] ERR: (ThinkException) 非法操作:__public__
[ 2014-08-19T13:28:27+08:00 ] ERR: (ThinkException) XML标签语法错误 : start="1" end="<{$pageNum}
[ 2014-08-19T13:28:27+08:00 ] ERR: (ThinkException) XML标签语法错误 : start="1" end="<{$pageNum}
[ 2014-08-19T13:28:27+08:00 ] ERR: (ThinkException) 非法操作:__public__
[ 2014-08-19T13:28:27+08:00 ] ERR: (ThinkException) 非法操作:__public__
[ 2014-08-19T13:28:27+08:00 ] ERR: (ThinkException) 非法操作:__public__
[ 2014-08-19T13:28:27+08:00 ] ERR: (ThinkException) 非法操作:__public__
[ 2014-08-19T13:28:47+08:00 ] ERR: (ThinkException) XML标签语法错误 : start="1" end="<{$pageNum}
[ 2014-08-19T13:28:47+08:00 ] ERR: (ThinkException) 非法操作:__public__
[ 2014-08-19T13:28:47+08:00 ] ERR: (ThinkException) 非法操作:__public__
[ 2014-08-19T13:28:47+08:00 ] ERR: (ThinkException) 非法操作:__public__
[ 2014-08-19T13:28:47+08:00 ] ERR: (ThinkException) 非法操作:__public__
[ 2014-08-19T13:28:54+08:00 ] ERR: (ThinkException) 非法操作:__public__
[ 2014-08-19T13:28:54+08:00 ] ERR: (ThinkException) 非法操作:__public__
[ 2014-08-19T13:28:54+08:00 ] ERR: (ThinkException) 非法操作:__public__
[ 2014-08-19T13:28:54+08:00 ] ERR: (ThinkException) 非法操作:__public__
[ 2014-08-19T13:28:55+08:00 ] ERR: (ThinkException) 非法操作:__public__
[ 2014-08-19T13:28:55+08:00 ] ERR: (ThinkException) 非法操作:__public__
[ 2014-08-19T13:28:55+08:00 ] ERR: (ThinkException) 非法操作:__public__
[ 2014-08-19T13:28:55+08:00 ] ERR: (ThinkException) 非法操作:__public__
[ 2014-08-19T13:30:27+08:00 ] ERR: (ThinkException) 非法操作:__public__
[ 2014-08-19T13:30:27+08:00 ] ERR: (ThinkException) 非法操作:__public__
[ 2014-08-19T13:30:27+08:00 ] ERR: (ThinkException) 非法操作:__public__
[ 2014-08-19T13:30:27+08:00 ] ERR: (ThinkException) 非法操作:__public__
[ 2014-08-19T14:23:44+08:00 ] ERR: (ThinkException) 无法加载模块:Case
[ 2014-08-19T14:23:47+08:00 ] ERR: (ThinkException) 无法加载模块:Plan
[ 2014-08-19T15:49:36+08:00 ] ERR: (ThinkException) 无法加载模块:Edit
